# JRE version: OpenJDK Runtime Environment Temurin-21.0.10+7 (21.0.10+7) (build 21.0.10+7-LTS)
# Java VM: OpenJDK 64-Bit Server VM Temurin-21.0.10+7 (21.0.10+7-LTS, mixed mode, sharing, tiered, compressed oops, compressed class ptrs, parallel gc, windows-amd64)
GC Precious Log:
 CardTable entry size: 512
 CPUs: 16 total, 16 available
 Memory: 16049M
 Large Page Support: Disabled
 NUMA Support: Disabled
 Compressed Oops: Enabled (32-bit)
 Alignments: Space 512K, Generation 512K, Heap 2M
 Heap Min Capacity: 100M
 Heap Initial Capacity: 100M
 Heap Max Capacity: 2G
 Pre-touch: Disabled
 Parallel Workers: 13
Heap:
 PSYoungGen      total 8704K, used 8379K [0x00000000d5580000, 0x00000000d5f00000, 0x0000000100000000)
  eden space 7680K, 96% used [0x00000000d5580000,0x00000000d5cbaf88,0x00000000d5d00000)
  from space 1024K, 95% used [0x00000000d5d00000,0x00000000d5df4030,0x00000000d5e00000)
  to   space 1024K, 0% used [0x00000000d5e00000,0x00000000d5e00000,0x00000000d5f00000)
 ParOldGen       total 691712K, used 196494K [0x0000000080000000, 0x00000000aa380000, 0x00000000d5580000)
  object space 691712K, 28% used [0x0000000080000000,0x000000008bfe3a08,0x00000000aa380000)
 Metaspace       used 70536K, committed 72000K, reserved 1114112K
  class space    used 7101K, committed 7808K, reserved 1048576K
GC Heap History (20 events):
Event: 34496.965 GC heap before
{Heap before GC invocations=904 (full 4):
 PSYoungGen      total 6144K, used 5312K [0x00000000d5580000, 0x00000000d5d00000, 0x0000000100000000)
  eden space 4608K, 100% used [0x00000000d5580000,0x00000000d5a00000,0x00000000d5a00000)
  from space 1536K, 45% used [0x00000000d5a00000,0x00000000d5ab0000,0x00000000d5b80000)
  to   space 1024K, 0% used [0x00000000d5c00000,0x00000000d5c00000,0x00000000d5d00000)
 ParOldGen       total 691712K, used 189180K [0x0000000080000000, 0x00000000aa380000, 0x00000000d5580000)
  object space 691712K, 27% used [0x0000000080000000,0x000000008b8bf028,0x00000000aa380000)
 Metaspace       used 70459K, committed 72000K, reserved 1114112K
  class space    used 7094K, committed 7808K, reserved 1048576K
}
Event: 34496.967 GC heap after
{Heap after GC invocations=904 (full 4):
 PSYoungGen      total 6656K, used 912K [0x00000000d5580000, 0x00000000d5d00000, 0x0000000100000000)
  eden space 5632K, 0% used [0x00000000d5580000,0x00000000d5580000,0x00000000d5b00000)
  from space 1024K, 89% used [0x00000000d5c00000,0x00000000d5ce4010,0x00000000d5d00000)
  to   space 1024K, 0% used [0x00000000d5b00000,0x00000000d5b00000,0x00000000d5c00000)
 ParOldGen       total 691712K, used 189476K [0x0000000080000000, 0x00000000aa380000, 0x00000000d5580000)
  object space 691712K, 27% used [0x0000000080000000,0x000000008b909048,0x00000000aa380000)
 Metaspace       used 70459K, committed 72000K, reserved 1114112K
  class space    used 7094K, committed 7808K, reserved 1048576K
}
Event: 34497.439 GC heap before
{Heap before GC invocations=905 (full 4):
 PSYoungGen      total 6656K, used 6544K [0x00000000d5580000, 0x00000000d5d00000, 0x0000000100000000)
  eden space 5632K, 99% used [0x00000000d5580000,0x00000000d5affff8,0x00000000d5b00000)
  from space 1024K, 89% used [0x00000000d5c00000,0x00000000d5ce4010,0x00000000d5d00000)
  to   space 1024K, 0% used [0x00000000d5b00000,0x00000000d5b00000,0x00000000d5c00000)
 ParOldGen       total 691712K, used 189476K [0x0000000080000000, 0x00000000aa380000, 0x00000000d5580000)
  object space 691712K, 27% used [0x0000000080000000,0x000000008b909048,0x00000000aa380000)
 Metaspace       used 70462K, committed 72000K, reserved 1114112K
  class space    used 7094K, committed 7808K, reserved 1048576K
}
Event: 34497.447 GC heap after
{Heap after GC invocations=905 (full 4):
 PSYoungGen      total 6656K, used 992K [0x00000000d5580000, 0x00000000d6000000, 0x0000000100000000)
  eden space 5632K, 0% used [0x00000000d5580000,0x00000000d5580000,0x00000000d5b00000)
  from space 1024K, 96% used [0x00000000d5b00000,0x00000000d5bf8020,0x00000000d5c00000)
  to   space 2560K, 0% used [0x00000000d5d80000,0x00000000d5d80000,0x00000000d6000000)
 ParOldGen       total 691712K, used 190543K [0x0000000080000000, 0x00000000aa380000, 0x00000000d5580000)
  object space 691712K, 27% used [0x0000000080000000,0x000000008ba13c10,0x00000000aa380000)
 Metaspace       used 70462K, committed 72000K, reserved 1114112K
  class space    used 7094K, committed 7808K, reserved 1048576K
}
Event: 34497.462 GC heap before
{Heap before GC invocations=906 (full 4):
 PSYoungGen      total 6656K, used 6624K [0x00000000d5580000, 0x00000000d6000000, 0x0000000100000000)
  eden space 5632K, 100% used [0x00000000d5580000,0x00000000d5b00000,0x00000000d5b00000)
  from space 1024K, 96% used [0x00000000d5b00000,0x00000000d5bf8020,0x00000000d5c00000)
  to   space 2560K, 0% used [0x00000000d5d80000,0x00000000d5d80000,0x00000000d6000000)
 ParOldGen       total 691712K, used 190543K [0x0000000080000000, 0x00000000aa380000, 0x00000000d5580000)
  object space 691712K, 27% used [0x0000000080000000,0x000000008ba13c10,0x00000000aa380000)
 Metaspace       used 70462K, committed 72000K, reserved 1114112K
  class space    used 7094K, committed 7808K, reserved 1048576K
}
Event: 34497.469 GC heap after
{Heap after GC invocations=906 (full 4):
 PSYoungGen      total 8704K, used 752K [0x00000000d5580000, 0x00000000d5f80000, 0x0000000100000000)
  eden space 6656K, 0% used [0x00000000d5580000,0x00000000d5580000,0x00000000d5c00000)
  from space 2048K, 36% used [0x00000000d5d80000,0x00000000d5e3c010,0x00000000d5f80000)
  to   space 1536K, 0% used [0x00000000d5c00000,0x00000000d5c00000,0x00000000d5d80000)
 ParOldGen       total 691712K, used 191532K [0x0000000080000000, 0x00000000aa380000, 0x00000000d5580000)
  object space 691712K, 27% used [0x0000000080000000,0x000000008bb0b218,0x00000000aa380000)
 Metaspace       used 70462K, committed 72000K, reserved 1114112K
  class space    used 7094K, committed 7808K, reserved 1048576K
}
Event: 34497.478 GC heap before
{Heap before GC invocations=907 (full 4):
 PSYoungGen      total 8704K, used 7408K [0x00000000d5580000, 0x00000000d5f80000, 0x0000000100000000)
  eden space 6656K, 100% used [0x00000000d5580000,0x00000000d5c00000,0x00000000d5c00000)
  from space 2048K, 36% used [0x00000000d5d80000,0x00000000d5e3c010,0x00000000d5f80000)
  to   space 1536K, 0% used [0x00000000d5c00000,0x00000000d5c00000,0x00000000d5d80000)
 ParOldGen       total 691712K, used 191532K [0x0000000080000000, 0x00000000aa380000, 0x00000000d5580000)
  object space 691712K, 27% used [0x0000000080000000,0x000000008bb0b218,0x00000000aa380000)
 Metaspace       used 70462K, committed 72000K, reserved 1114112K
  class space    used 7094K, committed 7808K, reserved 1048576K
}
Event: 34497.482 GC heap after
{Heap after GC invocations=907 (full 4):
 PSYoungGen      total 8192K, used 1504K [0x00000000d5580000, 0x00000000d6180000, 0x0000000100000000)
  eden space 6656K, 0% used [0x00000000d5580000,0x00000000d5580000,0x00000000d5c00000)
  from space 1536K, 97% used [0x00000000d5c00000,0x00000000d5d78020,0x00000000d5d80000)
  to   space 2048K, 0% used [0x00000000d5f80000,0x00000000d5f80000,0x00000000d6180000)
 ParOldGen       total 691712K, used 192113K [0x0000000080000000, 0x00000000aa380000, 0x00000000d5580000)
  object space 691712K, 27% used [0x0000000080000000,0x000000008bb9c7e0,0x00000000aa380000)
 Metaspace       used 70462K, committed 72000K, reserved 1114112K
  class space    used 7094K, committed 7808K, reserved 1048576K
}
Event: 34497.496 GC heap before
{Heap before GC invocations=908 (full 4):
 PSYoungGen      total 8192K, used 8160K [0x00000000d5580000, 0x00000000d6180000, 0x0000000100000000)
  eden space 6656K, 100% used [0x00000000d5580000,0x00000000d5c00000,0x00000000d5c00000)
  from space 1536K, 97% used [0x00000000d5c00000,0x00000000d5d78020,0x00000000d5d80000)
  to   space 2048K, 0% used [0x00000000d5f80000,0x00000000d5f80000,0x00000000d6180000)
 ParOldGen       total 691712K, used 192113K [0x0000000080000000, 0x00000000aa380000, 0x00000000d5580000)
  object space 691712K, 27% used [0x0000000080000000,0x000000008bb9c7e0,0x00000000aa380000)
 Metaspace       used 70462K, committed 72000K, reserved 1114112K
  class space    used 7094K, committed 7808K, reserved 1048576K
}
Event: 34497.503 GC heap after
{Heap after GC invocations=908 (full 4):
 PSYoungGen      total 9216K, used 848K [0x00000000d5580000, 0x00000000d6080000, 0x0000000100000000)
  eden space 8192K, 0% used [0x00000000d5580000,0x00000000d5580000,0x00000000d5d80000)
  from space 1024K, 82% used [0x00000000d5f80000,0x00000000d6054010,0x00000000d6080000)
  to   space 1536K, 0% used [0x00000000d5d80000,0x00000000d5d80000,0x00000000d5f00000)
 ParOldGen       total 691712K, used 193490K [0x0000000080000000, 0x00000000aa380000, 0x00000000d5580000)
  object space 691712K, 27% used [0x0000000080000000,0x000000008bcf4bb0,0x00000000aa380000)
 Metaspace       used 70462K, committed 72000K, reserved 1114112K
  class space    used 7094K, committed 7808K, reserved 1048576K
}
Event: 34896.072 GC heap before
{Heap before GC invocations=909 (full 4):
 PSYoungGen      total 9216K, used 9040K [0x00000000d5580000, 0x00000000d6080000, 0x0000000100000000)
  eden space 8192K, 100% used [0x00000000d5580000,0x00000000d5d80000,0x00000000d5d80000)
  from space 1024K, 82% used [0x00000000d5f80000,0x00000000d6054010,0x00000000d6080000)
  to   space 1536K, 0% used [0x00000000d5d80000,0x00000000d5d80000,0x00000000d5f00000)
 ParOldGen       total 691712K, used 193490K [0x0000000080000000, 0x00000000aa380000, 0x00000000d5580000)
  object space 691712K, 27% used [0x0000000080000000,0x000000008bcf4bb0,0x00000000aa380000)
 Metaspace       used 70468K, committed 72000K, reserved 1114112K
  class space    used 7094K, committed 7808K, reserved 1048576K
}
Event: 34896.121 GC heap after
{Heap after GC invocations=909 (full 4):
 PSYoungGen      total 9728K, used 656K [0x00000000d5580000, 0x00000000d6000000, 0x0000000100000000)
  eden space 8192K, 0% used [0x00000000d5580000,0x00000000d5580000,0x00000000d5d80000)
  from space 1536K, 42% used [0x00000000d5d80000,0x00000000d5e24010,0x00000000d5f00000)
  to   space 1024K, 0% used [0x00000000d5f00000,0x00000000d5f00000,0x00000000d6000000)
 ParOldGen       total 691712K, used 194056K [0x0000000080000000, 0x00000000aa380000, 0x00000000d5580000)
  object space 691712K, 28% used [0x0000000080000000,0x000000008bd82090,0x00000000aa380000)
 Metaspace       used 70468K, committed 72000K, reserved 1114112K
  class space    used 7094K, committed 7808K, reserved 1048576K
}
Event: 34896.300 GC heap before
{Heap before GC invocations=910 (full 4):
 PSYoungGen      total 9728K, used 8848K [0x00000000d5580000, 0x00000000d6000000, 0x0000000100000000)
  eden space 8192K, 100% used [0x00000000d5580000,0x00000000d5d80000,0x00000000d5d80000)
  from space 1536K, 42% used [0x00000000d5d80000,0x00000000d5e24010,0x00000000d5f00000)
  to   space 1024K, 0% used [0x00000000d5f00000,0x00000000d5f00000,0x00000000d6000000)
 ParOldGen       total 691712K, used 194056K [0x0000000080000000, 0x00000000aa380000, 0x00000000d5580000)
  object space 691712K, 28% used [0x0000000080000000,0x000000008bd82090,0x00000000aa380000)
 Metaspace       used 70497K, committed 72000K, reserved 1114112K
  class space    used 7098K, committed 7808K, reserved 1048576K
}
Event: 34896.305 GC heap after
{Heap after GC invocations=910 (full 4):
 PSYoungGen      total 8704K, used 1024K [0x00000000d5580000, 0x00000000d6180000, 0x0000000100000000)
  eden space 7680K, 0% used [0x00000000d5580000,0x00000000d5580000,0x00000000d5d00000)
  from space 1024K, 100% used [0x00000000d5f00000,0x00000000d6000000,0x00000000d6000000)
  to   space 2048K, 0% used [0x00000000d5d00000,0x00000000d5d00000,0x00000000d5f00000)
 ParOldGen       total 691712K, used 194561K [0x0000000080000000, 0x00000000aa380000, 0x00000000d5580000)
  object space 691712K, 28% used [0x0000000080000000,0x000000008be00470,0x00000000aa380000)
 Metaspace       used 70497K, committed 72000K, reserved 1114112K
  class space    used 7098K, committed 7808K, reserved 1048576K
}
Event: 34896.361 GC heap before
{Heap before GC invocations=911 (full 4):
 PSYoungGen      total 8704K, used 8704K [0x00000000d5580000, 0x00000000d6180000, 0x0000000100000000)
  eden space 7680K, 100% used [0x00000000d5580000,0x00000000d5d00000,0x00000000d5d00000)
  from space 1024K, 100% used [0x00000000d5f00000,0x00000000d6000000,0x00000000d6000000)
  to   space 2048K, 0% used [0x00000000d5d00000,0x00000000d5d00000,0x00000000d5f00000)
 ParOldGen       total 691712K, used 194561K [0x0000000080000000, 0x00000000aa380000, 0x00000000d5580000)
  object space 691712K, 28% used [0x0000000080000000,0x000000008be00470,0x00000000aa380000)
 Metaspace       used 70512K, committed 72000K, reserved 1114112K
  class space    used 7098K, committed 7808K, reserved 1048576K
}
Event: 34896.367 GC heap after
{Heap after GC invocations=911 (full 4):
 PSYoungGen      total 8704K, used 768K [0x00000000d5580000, 0x00000000d6000000, 0x0000000100000000)
  eden space 7680K, 0% used [0x00000000d5580000,0x00000000d5580000,0x00000000d5d00000)
  from space 1024K, 75% used [0x00000000d5d00000,0x00000000d5dc0000,0x00000000d5e00000)
  to   space 1536K, 0% used [0x00000000d5e80000,0x00000000d5e80000,0x00000000d6000000)
 ParOldGen       total 691712K, used 195322K [0x0000000080000000, 0x00000000aa380000, 0x00000000d5580000)
  object space 691712K, 28% used [0x0000000080000000,0x000000008bebeb00,0x00000000aa380000)
 Metaspace       used 70512K, committed 72000K, reserved 1114112K
  class space    used 7098K, committed 7808K, reserved 1048576K
}
Event: 34896.824 GC heap before
{Heap before GC invocations=912 (full 4):
 PSYoungGen      total 8704K, used 8448K [0x00000000d5580000, 0x00000000d6000000, 0x0000000100000000)
  eden space 7680K, 100% used [0x00000000d5580000,0x00000000d5d00000,0x00000000d5d00000)
  from space 1024K, 75% used [0x00000000d5d00000,0x00000000d5dc0000,0x00000000d5e00000)
  to   space 1536K, 0% used [0x00000000d5e80000,0x00000000d5e80000,0x00000000d6000000)
 ParOldGen       total 691712K, used 195322K [0x0000000080000000, 0x00000000aa380000, 0x00000000d5580000)
  object space 691712K, 28% used [0x0000000080000000,0x000000008bebeb00,0x00000000aa380000)
 Metaspace       used 70520K, committed 72000K, reserved 1114112K
  class space    used 7098K, committed 7808K, reserved 1048576K
}
Event: 34896.830 GC heap after
{Heap after GC invocations=912 (full 4):
 PSYoungGen      total 8704K, used 944K [0x00000000d5580000, 0x00000000d5f80000, 0x0000000100000000)
  eden space 7680K, 0% used [0x00000000d5580000,0x00000000d5580000,0x00000000d5d00000)
  from space 1024K, 92% used [0x00000000d5e80000,0x00000000d5f6c010,0x00000000d5f80000)
  to   space 1024K, 0% used [0x00000000d5d00000,0x00000000d5d00000,0x00000000d5e00000)
 ParOldGen       total 691712K, used 195793K [0x0000000080000000, 0x00000000aa380000, 0x00000000d5580000)
  object space 691712K, 28% used [0x0000000080000000,0x000000008bf34460,0x00000000aa380000)
 Metaspace       used 70520K, committed 72000K, reserved 1114112K
  class space    used 7098K, committed 7808K, reserved 1048576K
}
Event: 34896.876 GC heap before
{Heap before GC invocations=913 (full 4):
 PSYoungGen      total 8704K, used 8624K [0x00000000d5580000, 0x00000000d5f80000, 0x0000000100000000)
  eden space 7680K, 100% used [0x00000000d5580000,0x00000000d5d00000,0x00000000d5d00000)
  from space 1024K, 92% used [0x00000000d5e80000,0x00000000d5f6c010,0x00000000d5f80000)
  to   space 1024K, 0% used [0x00000000d5d00000,0x00000000d5d00000,0x00000000d5e00000)
 ParOldGen       total 691712K, used 195793K [0x0000000080000000, 0x00000000aa380000, 0x00000000d5580000)
  object space 691712K, 28% used [0x0000000080000000,0x000000008bf34460,0x00000000aa380000)
 Metaspace       used 70521K, committed 72000K, reserved 1114112K
  class space    used 7098K, committed 7808K, reserved 1048576K
}
Event: 34896.879 GC heap after
{Heap after GC invocations=913 (full 4):
 PSYoungGen      total 8704K, used 976K [0x00000000d5580000, 0x00000000d5f00000, 0x0000000100000000)
  eden space 7680K, 0% used [0x00000000d5580000,0x00000000d5580000,0x00000000d5d00000)
  from space 1024K, 95% used [0x00000000d5d00000,0x00000000d5df4030,0x00000000d5e00000)
  to   space 1024K, 0% used [0x00000000d5e00000,0x00000000d5e00000,0x00000000d5f00000)
 ParOldGen       total 691712K, used 196494K [0x0000000080000000, 0x00000000aa380000, 0x00000000d5580000)
  object space 691712K, 28% used [0x0000000080000000,0x000000008bfe3a08,0x00000000aa380000)
 Metaspace       used 70521K, committed 72000K, reserved 1114112K
  class space    used 7098K, committed 7808K, reserved 1048576K
}

